CRITICAL - 2025-02-28 01:18:43 --> Error: Class "Locale" not found
[Method: GET, Route: /]
in SYSTEMPATH\CodeIgniter.php on line 189.
 1 SYSTEMPATH\Boot.php(321): CodeIgniter\CodeIgniter->initialize()
 2 SYSTEMPATH\Boot.php(101): CodeIgniter\Boot::initializeCodeIgniter()
 3 ROOTPATH\spark(84): CodeIgniter\Boot::bootSpark(Object(Config\Paths))
CRITICAL - 2025-02-28 01:18:43 --> ErrorException: Uncaught Error: Class "Locale" not found in C:\Users\pitudo\Documents\bribon\Bribon-Fiscal-Web\vendor\codeigniter4\framework\system\I18n\TimeTrait.php:76
Stack trace:
#0 C:\Users\pitudo\Documents\bribon\Bribon-Fiscal-Web\vendor\codeigniter4\framework\system\I18n\TimeTrait.php(117): CodeIgniter\I18n\Time->__construct(NULL, NULL, NULL)
#1 C:\Users\pitudo\Documents\bribon\Bribon-Fiscal-Web\vendor\codeigniter4\framework\system\HTTP\ResponseTrait.php(398): CodeIgniter\I18n\Time::now()
#2 C:\Users\pitudo\Documents\bribon\Bribon-Fiscal-Web\vendor\codeigniter4\framework\system\HTTP\ResponseTrait.php(376): CodeIgniter\HTTP\Response->sendHeaders()
#3 C:\Users\pitudo\Documents\bribon\Bribon-Fiscal-Web\vendor\codeigniter4\framework\system\Debug\ExceptionHandler.php(85): CodeIgniter\HTTP\Response->send()
#4 C:\Users\pitudo\Documents\bribon\Bribon-Fiscal-Web\vendor\codeigniter4\framework\system\Debug\Exceptions.php(163): CodeIgniter\Debug\ExceptionHandler->handle(Object(Error), Object(CodeIgniter\HTTP\IncomingRequest), Object(CodeIgniter\HTTP\Response), 500, 1)
#5 [internal function]: CodeIgniter\Debug\Exceptions->exceptionHandler(Object(Error))
#6 {main}
  thrown
【Previous Exception】
Error
Class "Locale" not found
#0 C:\Users\pitudo\Documents\bribon\Bribon-Fiscal-Web\vendor\codeigniter4\framework\system\Boot.php(321): CodeIgniter\CodeIgniter->initialize()
#1 C:\Users\pitudo\Documents\bribon\Bribon-Fiscal-Web\vendor\codeigniter4\framework\system\Boot.php(101): CodeIgniter\Boot::initializeCodeIgniter()
#2 C:\Users\pitudo\Documents\bribon\Bribon-Fiscal-Web\spark(84): CodeIgniter\Boot::bootSpark(Object(Config\Paths))
#3 {main}
[Method: GET, Route: /]
in SYSTEMPATH\I18n\TimeTrait.php on line 76.
 1 [internal function]: CodeIgniter\Debug\Exceptions->shutdownHandler()
CRITICAL - 2025-02-28 03:44:16 --> Error: Class "CI_Controller" not found
[Method: GET, Route: mi-vista]
in APPPATH/Controllers/MiControlador.php on line 2.
 1 VENDORPATH/composer/ClassLoader.php(576): include()
 2 VENDORPATH/composer/ClassLoader.php(427): Composer\Autoload\{closure}('/var/www/html/vendor/composer/../../app/Controllers/MiControlador.php')
 3 [internal function]: Composer\Autoload\ClassLoader->loadClass('App\\Controllers\\MiControlador')
 4 SYSTEMPATH/CodeIgniter.php(885): class_exists('\\App\\Controllers\\MiControlador', true)
 5 SYSTEMPATH/CodeIgniter.php(494): CodeIgniter\CodeIgniter->startController()
 6 SYSTEMPATH/CodeIgniter.php(354): CodeIgniter\CodeIgniter->handleRequest(null, Object(Config\Cache), false)
 7 SYSTEMPATH/Boot.php(334): CodeIgniter\CodeIgniter->run()
 8 SYSTEMPATH/Boot.php(67): CodeIgniter\Boot::runCodeIgniter(Object(CodeIgniter\CodeIgniter))
 9 FCPATH/index.php(57): CodeIgniter\Boot::bootWeb(Object(Config\Paths))
CRITICAL - 2025-02-28 03:46:34 --> Error: Class "CI_Controller" not found
[Method: GET, Route: mi-vista]
in APPPATH/Controllers/MiControlador.php on line 2.
 1 VENDORPATH/composer/ClassLoader.php(576): include()
 2 VENDORPATH/composer/ClassLoader.php(427): Composer\Autoload\{closure}('/var/www/html/vendor/composer/../../app/Controllers/MiControlador.php')
 3 [internal function]: Composer\Autoload\ClassLoader->loadClass('App\\Controllers\\MiControlador')
 4 SYSTEMPATH/CodeIgniter.php(885): class_exists('\\App\\Controllers\\MiControlador', true)
 5 SYSTEMPATH/CodeIgniter.php(494): CodeIgniter\CodeIgniter->startController()
 6 SYSTEMPATH/CodeIgniter.php(354): CodeIgniter\CodeIgniter->handleRequest(null, Object(Config\Cache), false)
 7 SYSTEMPATH/Boot.php(334): CodeIgniter\CodeIgniter->run()
 8 SYSTEMPATH/Boot.php(67): CodeIgniter\Boot::runCodeIgniter(Object(CodeIgniter\CodeIgniter))
 9 FCPATH/index.php(57): CodeIgniter\Boot::bootWeb(Object(Config\Paths))
CRITICAL - 2025-02-28 03:46:50 --> Error: Class "BaseController" not found
[Method: GET, Route: mi-vista]
in APPPATH/Controllers/MiControlador.php on line 2.
 1 VENDORPATH/composer/ClassLoader.php(576): include()
 2 VENDORPATH/composer/ClassLoader.php(427): Composer\Autoload\{closure}('/var/www/html/vendor/composer/../../app/Controllers/MiControlador.php')
 3 [internal function]: Composer\Autoload\ClassLoader->loadClass('App\\Controllers\\MiControlador')
 4 SYSTEMPATH/CodeIgniter.php(885): class_exists('\\App\\Controllers\\MiControlador', true)
 5 SYSTEMPATH/CodeIgniter.php(494): CodeIgniter\CodeIgniter->startController()
 6 SYSTEMPATH/CodeIgniter.php(354): CodeIgniter\CodeIgniter->handleRequest(null, Object(Config\Cache), false)
 7 SYSTEMPATH/Boot.php(334): CodeIgniter\CodeIgniter->run()
 8 SYSTEMPATH/Boot.php(67): CodeIgniter\Boot::runCodeIgniter(Object(CodeIgniter\CodeIgniter))
 9 FCPATH/index.php(57): CodeIgniter\Boot::bootWeb(Object(Config\Paths))
CRITICAL - 2025-02-28 03:47:06 --> Error: Cannot call constructor
[Method: GET, Route: mi-vista]
in APPPATH/Controllers/MiControlador.php on line 9.
 1 SYSTEMPATH/CodeIgniter.php(903): App\Controllers\MiControlador->__construct()
 2 SYSTEMPATH/CodeIgniter.php(498): CodeIgniter\CodeIgniter->createController()
 3 SYSTEMPATH/CodeIgniter.php(354): CodeIgniter\CodeIgniter->handleRequest(null, Object(Config\Cache), false)
 4 SYSTEMPATH/Boot.php(334): CodeIgniter\CodeIgniter->run()
 5 SYSTEMPATH/Boot.php(67): CodeIgniter\Boot::runCodeIgniter(Object(CodeIgniter\CodeIgniter))
 6 FCPATH/index.php(57): CodeIgniter\Boot::bootWeb(Object(Config\Paths))
CRITICAL - 2025-02-28 03:47:16 --> ErrorException: Undefined property: App\Controllers\MiControlador::$load
[Method: GET, Route: mi-vista]
in APPPATH/Controllers/MiControlador.php on line 12.
 1 APPPATH/Controllers/MiControlador.php(12): CodeIgniter\Debug\Exceptions->errorHandler(2, 'Undefined property: App\\Controllers\\MiControlador::$load', '/var/www/html/app/Controllers/MiControlador.php', 12)
 2 SYSTEMPATH/CodeIgniter.php(933): App\Controllers\MiControlador->index()
 3 SYSTEMPATH/CodeIgniter.php(507): CodeIgniter\CodeIgniter->runController(Object(App\Controllers\MiControlador))
 4 SYSTEMPATH/CodeIgniter.php(354): CodeIgniter\CodeIgniter->handleRequest(null, Object(Config\Cache), false)
 5 SYSTEMPATH/Boot.php(334): CodeIgniter\CodeIgniter->run()
 6 SYSTEMPATH/Boot.php(67): CodeIgniter\Boot::runCodeIgniter(Object(CodeIgniter\CodeIgniter))
 7 FCPATH/index.php(57): CodeIgniter\Boot::bootWeb(Object(Config\Paths))
